{"/Users/rohitgangurde/RohitWorkspace/React-with-parcel/src/hooks/useRestaurantMenu.js": {"path":"/Users/rohitgangurde/RohitWorkspace/React-with-parcel/src/hooks/useRestaurantMenu.js","statementMap":{"0":{"start":{"line":4,"column":26},"end":{"line":20,"column":1}},"1":{"start":{"line":5,"column":46},"end":{"line":5,"column":60}},"2":{"start":{"line":7,"column":2},"end":{"line":9,"column":9}},"3":{"start":{"line":8,"column":4},"end":{"line":8,"column":24}},"4":{"start":{"line":11,"column":28},"end":{"line":17,"column":3}},"5":{"start":{"line":12,"column":17},"end":{"line":12,"column":84}},"6":{"start":{"line":14,"column":27},"end":{"line":14,"column":44}},"7":{"start":{"line":16,"column":4},"end":{"line":16,"column":44}},"8":{"start":{"line":19,"column":2},"end":{"line":19,"column":24}}},"fnMap":{"0":{"name":"(anonymous_0)","decl":{"start":{"line":4,"column":26},"end":{"line":4,"column":27}},"loc":{"start":{"line":4,"column":37},"end":{"line":20,"column":1}},"line":4},"1":{"name":"(anonymous_1)","decl":{"start":{"line":7,"column":12},"end":{"line":7,"column":13}},"loc":{"start":{"line":7,"column":18},"end":{"line":9,"column":3}},"line":7},"2":{"name":"(anonymous_2)","decl":{"start":{"line":11,"column":28},"end":{"line":11,"column":29}},"loc":{"start":{"line":11,"column":40},"end":{"line":17,"column":3}},"line":11}},"branchMap":{},"s":{"0":1,"1":2,"2":2,"3":1,"4":2,"5":1,"6":1,"7":1,"8":2},"f":{"0":2,"1":1,"2":1},"b":{},"_coverageSchema":"1a1c01bbd47fc00a2c39e90264f33305004495a9","hash":"d38272b19c5bb8ed32e92cc055c6b341405ea8bc"}
,"/Users/rohitgangurde/RohitWorkspace/React-with-parcel/src/utils/constants.js": {"path":"/Users/rohitgangurde/RohitWorkspace/React-with-parcel/src/utils/constants.js","statementMap":{"0":{"start":{"line":2,"column":35},"end":{"line":3,"column":103}},"1":{"start":{"line":3,"column":2},"end":{"line":3,"column":103}},"2":{"start":{"line":5,"column":29},"end":{"line":6,"column":125}},"3":{"start":{"line":6,"column":2},"end":{"line":6,"column":125}},"4":{"start":{"line":8,"column":27},"end":{"line":8,"column":101}},"5":{"start":{"line":11,"column":2},"end":{"line":11,"column":104}},"6":{"start":{"line":14,"column":2},"end":{"line":14,"column":68}}},"fnMap":{"0":{"name":"(anonymous_0)","decl":{"start":{"line":2,"column":35},"end":{"line":2,"column":36}},"loc":{"start":{"line":3,"column":2},"end":{"line":3,"column":103}},"line":3},"1":{"name":"(anonymous_1)","decl":{"start":{"line":5,"column":29},"end":{"line":5,"column":30}},"loc":{"start":{"line":6,"column":2},"end":{"line":6,"column":125}},"line":6}},"branchMap":{},"s":{"0":1,"1":0,"2":1,"3":0,"4":1,"5":1,"6":1},"f":{"0":0,"1":0},"b":{},"_coverageSchema":"1a1c01bbd47fc00a2c39e90264f33305004495a9","hash":"46458c56f4022af77feaa44f89a02ba68602376f"}
}
